<?xml version="1.0" encoding="UTF-8"?>
<!-- Generated by org.testng.reporters.JUnitXMLReporter -->
<testsuite ignored="1" hostname="Sony-PC" failures="1" tests="5" name="Test" time="1.117" errors="0" timestamp="2021-11-13T15:36:18 IST">
  <testcase classname="ExtentReports.ExtentReports_Example" name="testCase1" time="0.017"/>
  <testcase classname="ExtentReports.ExtentReports_Example" name="testCase2" time="0.004"/>
  <testcase classname="ExtentReports.ExtentReports_Example" name="testCase3" time="0.005"/>
  <testcase classname="ExtentReports.ExtentReports_Example" name="testCase4" time="0.007">
    <failure type="java.lang.AssertionError" message="expected [true] but found [false]">
      <![CDATA[java.lang.AssertionError: expected [true] but found [false]
at ExtentReports.ExtentReports_Example.testCase4(ExtentReports_Example.java:79)
at java.base/java.util.ArrayList.forEach(ArrayList.java:1511)
... Removed 31 stack frames]]>
    </failure>
  </testcase> <!-- testCase4 -->
  <testcase classname="ExtentReports.ExtentReports_Example" name="testCase5" time="0.006">
    <skipped/>
  </testcase> <!-- testCase5 -->
  <testcase classname="ExtentReports.ExtentReports_Example" name="testCase6" time="0.0">
    <ignored/>
  </testcase> <!-- testCase6 -->
</testsuite> <!-- Test -->
